# JRE version: Java(TM) SE Runtime Environment (23.0.2+7) (build 23.0.2+7-58)
# Java VM: Java HotSpot(TM) 64-Bit Server VM (23.0.2+7-58, mixed mode, sharing, tiered, compressed oops, compressed class ptrs, g1 gc, windows-amd64)
GC Precious Log:
 CardTable entry size: 512
 Card Set container configuration: InlinePtr #cards 5 size 8 Array Of Cards #cards 10 size 36 Howl #buckets 4 coarsen threshold 1843 Howl Bitmap #cards 512 size 80 coarsen threshold 460 Card regions per heap region 1 cards per card region 2048
 CPUs: 12 total, 12 available
 Memory: 7817M
 Large Page Support: Disabled
 NUMA Support: Disabled
 Compressed Oops: Enabled (32-bit)
 Heap Region Size: 1M
 Heap Min Capacity: 8M
 Heap Initial Capacity: 124M
 Heap Max Capacity: 1956M
 Pre-touch: Disabled
 Parallel Workers: 10
 Concurrent Workers: 3
 Concurrent Refinement Workers: 10
 Periodic GC: Disabled
Heap:
 garbage-first heap   total reserved 2002944K, committed 55296K, used 34547K [0x0000000085c00000, 0x0000000100000000)
  region size 1024K, 4 young (4096K), 2 survivors (2048K)
 Metaspace       used 29419K, committed 29632K, reserved 1114112K
  class space    used 2934K, committed 3072K, reserved 1048576K
GC Heap History (20 events):
Event: 4640.296 GC heap before
{Heap before GC invocations=130 (full 0):
 garbage-first heap   total reserved 2002944K, committed 51200K, used 45118K [0x0000000085c00000, 0x0000000100000000)
  region size 1024K, 21 young (21504K), 2 survivors (2048K)
 Metaspace       used 29163K, committed 29440K, reserved 1114112K
  class space    used 2913K, committed 3072K, reserved 1048576K
}
Event: 4640.298 GC heap after
{Heap after GC invocations=131 (full 0):
 garbage-first heap   total reserved 2002944K, committed 51200K, used 25658K [0x0000000085c00000, 0x0000000100000000)
  region size 1024K, 2 young (2048K), 2 survivors (2048K)
 Metaspace       used 29163K, committed 29440K, reserved 1114112K
  class space    used 2913K, committed 3072K, reserved 1048576K
}
Event: 4725.640 GC heap before
{Heap before GC invocations=132 (full 0):
 garbage-first heap   total reserved 2002944K, committed 51200K, used 45114K [0x0000000085c00000, 0x0000000100000000)
  region size 1024K, 21 young (21504K), 2 survivors (2048K)
 Metaspace       used 29167K, committed 29440K, reserved 1114112K
  class space    used 2913K, committed 3072K, reserved 1048576K
}
Event: 4725.645 GC heap after
{Heap after GC invocations=133 (full 0):
 garbage-first heap   total reserved 2002944K, committed 51200K, used 25721K [0x0000000085c00000, 0x0000000100000000)
  region size 1024K, 2 young (2048K), 2 survivors (2048K)
 Metaspace       used 29167K, committed 29440K, reserved 1114112K
  class space    used 2913K, committed 3072K, reserved 1048576K
}
Event: 4826.935 GC heap before
{Heap before GC invocations=133 (full 0):
 garbage-first heap   total reserved 2002944K, committed 51200K, used 45177K [0x0000000085c00000, 0x0000000100000000)
  region size 1024K, 21 young (21504K), 2 survivors (2048K)
 Metaspace       used 29167K, committed 29440K, reserved 1114112K
  class space    used 2913K, committed 3072K, reserved 1048576K
}
Event: 4826.941 GC heap after
{Heap after GC invocations=134 (full 0):
 garbage-first heap   total reserved 2002944K, committed 51200K, used 25759K [0x0000000085c00000, 0x0000000100000000)
  region size 1024K, 2 young (2048K), 2 survivors (2048K)
 Metaspace       used 29167K, committed 29440K, reserved 1114112K
  class space    used 2913K, committed 3072K, reserved 1048576K
}
Event: 4928.138 GC heap before
{Heap before GC invocations=135 (full 0):
 garbage-first heap   total reserved 2002944K, committed 51200K, used 45215K [0x0000000085c00000, 0x0000000100000000)
  region size 1024K, 21 young (21504K), 2 survivors (2048K)
 Metaspace       used 29167K, committed 29440K, reserved 1114112K
  class space    used 2913K, committed 3072K, reserved 1048576K
}
Event: 4928.145 GC heap after
{Heap after GC invocations=136 (full 0):
 garbage-first heap   total reserved 2002944K, committed 51200K, used 25819K [0x0000000085c00000, 0x0000000100000000)
  region size 1024K, 2 young (2048K), 2 survivors (2048K)
 Metaspace       used 29167K, committed 29440K, reserved 1114112K
  class space    used 2913K, committed 3072K, reserved 1048576K
}
Event: 5029.837 GC heap before
{Heap before GC invocations=136 (full 0):
 garbage-first heap   total reserved 2002944K, committed 51200K, used 45275K [0x0000000085c00000, 0x0000000100000000)
  region size 1024K, 21 young (21504K), 2 survivors (2048K)
 Metaspace       used 29168K, committed 29440K, reserved 1114112K
  class space    used 2913K, committed 3072K, reserved 1048576K
}
Event: 5029.841 GC heap after
{Heap after GC invocations=137 (full 0):
 garbage-first heap   total reserved 2002944K, committed 51200K, used 25813K [0x0000000085c00000, 0x0000000100000000)
  region size 1024K, 2 young (2048K), 2 survivors (2048K)
 Metaspace       used 29168K, committed 29440K, reserved 1114112K
  class space    used 2913K, committed 3072K, reserved 1048576K
}
Event: 5118.590 GC heap before
{Heap before GC invocations=138 (full 0):
 garbage-first heap   total reserved 2002944K, committed 51200K, used 45269K [0x0000000085c00000, 0x0000000100000000)
  region size 1024K, 21 young (21504K), 2 survivors (2048K)
 Metaspace       used 29282K, committed 29568K, reserved 1114112K
  class space    used 2928K, committed 3072K, reserved 1048576K
}
Event: 5118.593 GC heap after
{Heap after GC invocations=139 (full 0):
 garbage-first heap   total reserved 2002944K, committed 51200K, used 26118K [0x0000000085c00000, 0x0000000100000000)
  region size 1024K, 2 young (2048K), 2 survivors (2048K)
 Metaspace       used 29282K, committed 29568K, reserved 1114112K
  class space    used 2928K, committed 3072K, reserved 1048576K
}
Event: 7338.192 GC heap before
{Heap before GC invocations=139 (full 0):
 garbage-first heap   total reserved 2002944K, committed 51200K, used 45574K [0x0000000085c00000, 0x0000000100000000)
  region size 1024K, 21 young (21504K), 2 survivors (2048K)
 Metaspace       used 29338K, committed 29568K, reserved 1114112K
  class space    used 2928K, committed 3072K, reserved 1048576K
}
Event: 7338.196 GC heap after
{Heap after GC invocations=140 (full 0):
 garbage-first heap   total reserved 2002944K, committed 51200K, used 26335K [0x0000000085c00000, 0x0000000100000000)
  region size 1024K, 2 young (2048K), 2 survivors (2048K)
 Metaspace       used 29338K, committed 29568K, reserved 1114112K
  class space    used 2928K, committed 3072K, reserved 1048576K
}
Event: 7433.527 GC heap before
{Heap before GC invocations=141 (full 0):
 garbage-first heap   total reserved 2002944K, committed 51200K, used 44767K [0x0000000085c00000, 0x0000000100000000)
  region size 1024K, 20 young (20480K), 2 survivors (2048K)
 Metaspace       used 29329K, committed 29568K, reserved 1114112K
  class space    used 2926K, committed 3072K, reserved 1048576K
}
Event: 7433.530 GC heap after
{Heap after GC invocations=142 (full 0):
 garbage-first heap   total reserved 2002944K, committed 51200K, used 25733K [0x0000000085c00000, 0x0000000100000000)
  region size 1024K, 1 young (1024K), 1 survivors (1024K)
 Metaspace       used 29329K, committed 29568K, reserved 1114112K
  class space    used 2926K, committed 3072K, reserved 1048576K
}
Event: 7540.175 GC heap before
{Heap before GC invocations=142 (full 0):
 garbage-first heap   total reserved 2002944K, committed 51200K, used 46213K [0x0000000085c00000, 0x0000000100000000)
  region size 1024K, 21 young (21504K), 1 survivors (1024K)
 Metaspace       used 29329K, committed 29568K, reserved 1114112K
  class space    used 2926K, committed 3072K, reserved 1048576K
}
Event: 7540.183 GC heap after
{Heap after GC invocations=143 (full 0):
 garbage-first heap   total reserved 2002944K, committed 51200K, used 25608K [0x0000000085c00000, 0x0000000100000000)
  region size 1024K, 1 young (1024K), 1 survivors (1024K)
 Metaspace       used 29329K, committed 29568K, reserved 1114112K
  class space    used 2926K, committed 3072K, reserved 1048576K
}
Event: 7547.947 GC heap before
{Heap before GC invocations=143 (full 0):
 garbage-first heap   total reserved 2002944K, committed 51200K, used 27656K [0x0000000085c00000, 0x0000000100000000)
  region size 1024K, 4 young (4096K), 1 survivors (1024K)
 Metaspace       used 29401K, committed 29632K, reserved 1114112K
  class space    used 2935K, committed 3072K, reserved 1048576K
}
Event: 7547.948 GC heap after
{Heap after GC invocations=144 (full 0):
 garbage-first heap   total reserved 2002944K, committed 51200K, used 26355K [0x0000000085c00000, 0x0000000100000000)
  region size 1024K, 2 young (2048K), 2 survivors (2048K)
 Metaspace       used 29401K, committed 29632K, reserved 1114112K
  class space    used 2935K, committed 3072K, reserved 1048576K
}

